<?xml version="1.0" encoding="UTF-8"?>
<coverage generated="1752968459173" clover="3.2.0">
  <project timestamp="1752968459173" name="All files">
    <metrics statements="11" coveredstatements="11" conditionals="3" coveredconditionals="1" methods="2" coveredmethods="2" elements="16" coveredelements="14" complexity="0" loc="11" ncloc="11" packages="1" files="1" classes="1"/>
    <file name="index.js" path="C:\Users\User\aws-serverless-iac\lambda\index.js">
      <metrics statements="11" coveredstatements="11" conditionals="3" coveredconditionals="1" methods="2" coveredmethods="2"/>
      <line num="1" count="1" type="stmt"/>
      <line num="2" count="1" type="stmt"/>
      <line num="3" count="1" type="stmt"/>
      <line num="5" count="1" type="stmt"/>
      <line num="6" count="1" type="stmt"/>
      <line num="7" count="1" type="stmt"/>
      <line num="10" count="1" type="cond" truecount="0" falsecount="1"/>
      <line num="11" count="1" type="cond" truecount="1" falsecount="1"/>
      <line num="14" count="1" type="stmt"/>
      <line num="15" count="1" type="stmt"/>
      <line num="17" count="1" type="stmt"/>
    </file>
  </project>
</coverage>
