{"C:\\Users\\User\\aws-serverless-iac\\lambda\\index.js": {"path":"C:\\Users\\User\\aws-serverless-iac\\lambda\\index.js","statementMap":{"0":{"start":{"line":1,"column":12},"end":{"line":1,"column":30}},"1":{"start":{"line":2,"column":12},"end":{"line":2,"column":24}},"2":{"start":{"line":3,"column":12},"end":{"line":3,"column":25}},"3":{"start":{"line":5,"column":0},"end":{"line":21,"column":2}},"4":{"start":{"line":6,"column":19},"end":{"line":6,"column":42}},"5":{"start":{"line":7,"column":19},"end":{"line":7,"column":40}},"6":{"start":{"line":10,"column":28},"end":{"line":10,"column":80}},"7":{"start":{"line":11,"column":15},"end":{"line":11,"column":63}},"8":{"start":{"line":11,"column":33},"end":{"line":11,"column":38}},"9":{"start":{"line":14,"column":18},"end":{"line":14,"column":56}},"10":{"start":{"line":15,"column":2},"end":{"line":15,"column":95}},"11":{"start":{"line":17,"column":2},"end":{"line":20,"column":4}}},"fnMap":{"0":{"name":"(anonymous_0)","decl":{"start":{"line":5,"column":18},"end":{"line":5,"column":19}},"loc":{"start":{"line":5,"column":35},"end":{"line":21,"column":1}},"line":5},"1":{"name":"(anonymous_1)","decl":{"start":{"line":11,"column":28},"end":{"line":11,"column":29}},"loc":{"start":{"line":11,"column":33},"end":{"line":11,"column":38}},"line":11}},"branchMap":{"0":{"loc":{"start":{"line":10,"column":10},"end":{"line":10,"column":23}},"type":"default-arg","locations":[{"start":{"line":10,"column":21},"end":{"line":10,"column":23}}],"line":10},"1":{"loc":{"start":{"line":11,"column":15},"end":{"line":11,"column":63}},"type":"binary-expr","locations":[{"start":{"line":11,"column":15},"end":{"line":11,"column":50}},{"start":{"line":11,"column":54},"end":{"line":11,"column":63}}],"line":11}},"s":{"0":1,"1":1,"2":1,"3":1,"4":1,"5":1,"6":1,"7":1,"8":1,"9":1,"10":1,"11":1},"f":{"0":1,"1":1},"b":{"0":[0],"1":[1,0]},"_coverageSchema":"1a1c01bbd47fc00a2c39e90264f33305004495a9","hash":"d4f05a89f9e12510971b1ea093bdae51ddb2cd98"}
}
